<?xml version="1.0" encoding="UTF-8"?>
<!-- Generated by org.testng.reporters.JUnitXMLReporter -->
<testsuite ignored="0" hostname="LAPTOP-A6AT5CE0" failures="0" tests="5" name="eBanking Test" time="38.322" errors="0" timestamp="2022-02-02T19:55:03 EST">
  <testcase classname="com.eBanking.Testcases.TC_LoginTest_001" name="loginTest" time="1.242"/>
  <testcase classname="com.eBanking.Testcases.TC_NewCustomerDDT_003" name="NewCustomerDDT" time="5.571"/>
  <testcase classname="com.eBanking.Testcases.TC_NewCustomerDDT_003" name="NewCustomerDDT" time="3.467"/>
  <testcase classname="com.eBanking.Testcases.TC_NewCustomerDDT_003" name="NewCustomerDDT" time="3.268"/>
  <testcase classname="com.eBanking.Testcases.TC_NewCustomerDDT_003" name="NewCustomerDDT" time="4.6"/>
</testsuite> <!-- eBanking Test -->
