<?xml version="1.0" encoding="UTF-8"?>
<testng-results skipped="0" failed="0" ignored="0" total="5" passed="5">
  <reporter-output>
  </reporter-output>
  <suite name="eBanking" duration-ms="20199" started-at="2022-02-08T15:30:37 EST" finished-at="2022-02-08T15:30:57 EST">
    <groups>
    </groups>
    <test name="eBanking Test" duration-ms="20199" started-at="2022-02-08T15:30:37 EST" finished-at="2022-02-08T15:30:57 EST">
      <class name="com.eBanking.Testcases.TC_LoginTest_001">
        <test-method status="PASS" signature="setup(java.lang.String)[pri:0, instance:com.eBanking.Testcases.TC_LoginTest_001@7a3d45bd]" name="setup" is-config="true" duration-ms="5071" started-at="2022-02-08T15:30:37 EST" finished-at="2022-02-08T15:30:42 EST">
          <params>
            <param index="0">
              <value>
                <![CDATA[chrome]]>
              </value>
            </param>
          </params>
          <reporter-output>
          </reporter-output>
        </test-method> <!-- setup -->
        <test-method status="PASS" signature="loginTest()[pri:0, instance:com.eBanking.Testcases.TC_LoginTest_001@7a3d45bd]" name="loginTest" duration-ms="1054" started-at="2022-02-08T15:30:42 EST" finished-at="2022-02-08T15:30:43 EST">
          <reporter-output>
          </reporter-output>
        </test-method> <!-- loginTest -->
        <test-method status="PASS" signature="teardown()[pri:0, instance:com.eBanking.Testcases.TC_LoginTest_001@7a3d45bd]" name="teardown" is-config="true" duration-ms="604" started-at="2022-02-08T15:30:43 EST" finished-at="2022-02-08T15:30:44 EST">
          <reporter-output>
          </reporter-output>
        </test-method> <!-- teardown -->
      </class> <!-- com.eBanking.Testcases.TC_LoginTest_001 -->
      <class name="com.eBanking.Testcases.TC_NewCustomerDDT_003">
        <test-method status="PASS" signature="setup(java.lang.String)[pri:0, instance:com.eBanking.Testcases.TC_NewCustomerDDT_003@1060b431]" name="setup" is-config="true" duration-ms="2745" started-at="2022-02-08T15:30:44 EST" finished-at="2022-02-08T15:30:47 EST">
          <params>
            <param index="0">
              <value>
                <![CDATA[chrome]]>
              </value>
            </param>
          </params>
          <reporter-output>
          </reporter-output>
        </test-method> <!-- setup -->
        <test-method status="PASS" signature="login()[pri:0, instance:com.eBanking.Testcases.TC_NewCustomerDDT_003@1060b431]" name="login" is-config="true" duration-ms="734" started-at="2022-02-08T15:30:47 EST" finished-at="2022-02-08T15:30:48 EST">
          <reporter-output>
          </reporter-output>
        </test-method> <!-- login -->
        <test-method status="PASS" signature="NewCustomerDDT([Ljava.lang.String;)[pri:0, instance:com.eBanking.Testcases.TC_NewCustomerDDT_003@1060b431]" name="NewCustomerDDT" duration-ms="2210" started-at="2022-02-08T15:30:49 EST" data-provider="customerdata" finished-at="2022-02-08T15:30:51 EST">
          <params>
            <param index="0">
              <value>
                <![CDATA[[Ljava.lang.String;@363a3d15]]>
              </value>
            </param>
          </params>
          <reporter-output>
          </reporter-output>
        </test-method> <!-- NewCustomerDDT -->
        <test-method status="PASS" signature="NewCustomerDDT([Ljava.lang.String;)[pri:0, instance:com.eBanking.Testcases.TC_NewCustomerDDT_003@1060b431]" name="NewCustomerDDT" duration-ms="2075" started-at="2022-02-08T15:30:51 EST" data-provider="customerdata" finished-at="2022-02-08T15:30:53 EST">
          <params>
            <param index="0">
              <value>
                <![CDATA[[Ljava.lang.String;@25cd49a4]]>
              </value>
            </param>
          </params>
          <reporter-output>
          </reporter-output>
        </test-method> <!-- NewCustomerDDT -->
        <test-method status="PASS" signature="NewCustomerDDT([Ljava.lang.String;)[pri:0, instance:com.eBanking.Testcases.TC_NewCustomerDDT_003@1060b431]" name="NewCustomerDDT" duration-ms="1459" started-at="2022-02-08T15:30:53 EST" data-provider="customerdata" finished-at="2022-02-08T15:30:55 EST">
          <params>
            <param index="0">
              <value>
                <![CDATA[[Ljava.lang.String;@1bc49bc5]]>
              </value>
            </param>
          </params>
          <reporter-output>
          </reporter-output>
        </test-method> <!-- NewCustomerDDT -->
        <test-method status="PASS" signature="NewCustomerDDT([Ljava.lang.String;)[pri:0, instance:com.eBanking.Testcases.TC_NewCustomerDDT_003@1060b431]" name="NewCustomerDDT" duration-ms="1736" started-at="2022-02-08T15:30:55 EST" data-provider="customerdata" finished-at="2022-02-08T15:30:56 EST">
          <params>
            <param index="0">
              <value>
                <![CDATA[[Ljava.lang.String;@58f39564]]>
              </value>
            </param>
          </params>
          <reporter-output>
          </reporter-output>
        </test-method> <!-- NewCustomerDDT -->
        <test-method status="PASS" signature="teardown()[pri:0, instance:com.eBanking.Testcases.TC_NewCustomerDDT_003@1060b431]" name="teardown" is-config="true" duration-ms="598" started-at="2022-02-08T15:30:56 EST" finished-at="2022-02-08T15:30:57 EST">
          <reporter-output>
          </reporter-output>
        </test-method> <!-- teardown -->
      </class> <!-- com.eBanking.Testcases.TC_NewCustomerDDT_003 -->
    </test> <!-- eBanking Test -->
  </suite> <!-- eBanking -->
</testng-results>
