<?xml version="1.0" encoding="UTF-8"?>
<!-- Generated by org.testng.reporters.JUnitXMLReporter -->
<testsuite ignored="0" hostname="LAPTOP-A6AT5CE0" failures="0" tests="5" name="eBanking Test" time="17.993" errors="0" timestamp="2022-02-10T11:09:40 EST">
  <testcase classname="com.eBanking.Testcases.TC_LoginTest_001" name="loginTest" time="0.913"/>
  <testcase classname="com.eBanking.Testcases.TC_NewCustomerDDT_003" name="NewCustomerDDT" time="3.329"/>
  <testcase classname="com.eBanking.Testcases.TC_NewCustomerDDT_003" name="NewCustomerDDT" time="1.571"/>
  <testcase classname="com.eBanking.Testcases.TC_NewCustomerDDT_003" name="NewCustomerDDT" time="1.325"/>
  <testcase classname="com.eBanking.Testcases.TC_NewCustomerDDT_003" name="NewCustomerDDT" time="1.772"/>
</testsuite> <!-- eBanking Test -->
